2025-07-07 10:19:54,421 - INFO - Iniciando pipeline de entrenamiento...
2025-07-07 10:19:54,524 - INFO - Entrenando modelos tradicionales...
2025-07-07 11:04:08,074 - INFO - Iniciando pipeline de entrenamiento...
2025-07-07 11:04:08,171 - INFO - Entrenando modelos tradicionales...
2025-07-07 13:01:53,858 - INFO - Iniciando pipeline de entrenamiento...
2025-07-07 13:01:53,959 - INFO - Entrenando modelos tradicionales...
2025-07-07 13:33:37,642 - INFO - Iniciando pipeline de entrenamiento...
2025-07-07 13:33:37,779 - INFO - Entrenando modelos tradicionales...
2025-07-07 14:10:44,854 - INFO - Iniciando pipeline de entrenamiento...
2025-07-07 14:10:44,956 - INFO - Entrenando modelos tradicionales...
2025-07-07 14:24:51,222 - INFO - SVM - Test Accuracy: 0.6295
2025-07-07 14:24:58,276 - INFO - Random_Forest - Test Accuracy: 0.6362
2025-07-07 14:25:15,904 - INFO - Logistic_Regression - Test Accuracy: 0.6318
2025-07-07 14:25:30,044 - INFO - XGBoost - Test Accuracy: 0.6262
2025-07-07 14:25:31,139 - INFO - Creando análisis detallado de resultados...
2025-07-07 14:25:37,371 - INFO - Entrenamiento completado en 892.51 segundos
2025-07-07 14:25:37,376 - INFO - Mejor modelo: Random_Forest con accuracy: 0.6362
2025-07-07 14:34:09,137 - INFO - Iniciando pipeline de entrenamiento...
2025-07-07 14:34:09,228 - INFO - Entrenando modelos tradicionales...
2025-07-07 14:34:27,037 - INFO - Random_Forest - Test Accuracy: 0.6504
2025-07-07 14:34:39,797 - INFO - Logistic_Regression - Test Accuracy: 0.6254
2025-07-07 14:35:02,078 - INFO - XGBoost - Test Accuracy: 0.6498
2025-07-07 14:35:02,686 - INFO - Creando análisis detallado de resultados...
2025-07-07 14:35:06,770 - INFO - Entrenamiento completado en 57.63 segundos
2025-07-07 14:35:06,771 - INFO - Mejor modelo: Random_Forest con accuracy: 0.6504
2025-07-07 14:38:12,457 - INFO - Iniciando pipeline de entrenamiento...
2025-07-07 14:38:12,544 - INFO - Entrenando modelos tradicionales...
2025-07-07 14:39:09,605 - INFO - Random_Forest - Test Accuracy: 0.6830
2025-07-07 14:39:20,618 - INFO - Logistic_Regression - Test Accuracy: 0.6511
2025-07-07 14:39:51,294 - INFO - XGBoost - Test Accuracy: 0.6625
2025-07-07 14:39:51,738 - INFO - Creando análisis detallado de resultados...
2025-07-07 14:39:53,389 - INFO - Entrenamiento completado en 100.93 segundos
2025-07-07 14:39:53,389 - INFO - Mejor modelo: Random_Forest con accuracy: 0.6830
2025-07-07 15:25:26,628 - INFO - Iniciando pipeline de entrenamiento...
2025-07-07 15:35:13,012 - INFO - Iniciando pipeline de entrenamiento...
2025-07-07 15:35:13,111 - INFO - Entrenando modelos tradicionales...
2025-07-07 15:36:26,169 - INFO - Entrenando modelos tradicionales...
2025-07-07 15:42:08,413 - INFO - Entrenando modelos tradicionales...
2025-07-07 15:42:39,834 - INFO - Entrenando modelos tradicionales...
2025-07-07 15:42:49,082 - INFO - LinearSVC - Test Accuracy: 0.6441
2025-07-07 15:44:31,436 - INFO - Iniciando pipeline de entrenamiento...
2025-07-07 15:44:31,568 - INFO - Entrenando modelos tradicionales...
2025-07-07 15:44:40,831 - INFO - LinearSVC - Test Accuracy: 0.6460
2025-07-07 15:58:22,612 - INFO - Iniciando pipeline de entrenamiento...
2025-07-07 15:58:22,789 - INFO - Entrenando modelos tradicionales...
2025-07-07 15:58:41,142 - INFO - LinearSVC - Test Accuracy: 0.6457
2025-07-07 15:59:59,113 - INFO - Random_Forest - Test Accuracy: 0.6761
2025-07-07 16:00:19,033 - INFO - Logistic_Regression - Test Accuracy: 0.6511
2025-07-07 16:01:09,482 - INFO - XGBoost - Test Accuracy: 0.6625
2025-07-07 16:01:10,601 - INFO - Creando análisis detallado de resultados...
2025-07-07 16:01:15,635 - INFO - Entrenamiento completado en 173.02 segundos
2025-07-07 16:01:15,639 - INFO - Mejor modelo: Random_Forest con accuracy: 0.6761
2025-07-07 16:05:56,920 - INFO - Creando análisis detallado de resultados...
2025-07-07 16:19:45,805 - INFO - Creando análisis detallado de resultados...
2025-07-07 16:26:56,201 - INFO - Creando análisis detallado de resultados...
2025-07-07 16:27:00,439 - INFO - Creando análisis detallado de resultados...
2025-07-07 16:28:31,237 - INFO - Creando análisis detallado de resultados...
2025-07-07 16:33:50,261 - INFO - Creando análisis detallado de resultados...
2025-07-08 08:15:43,804 - INFO - Iniciando pipeline de entrenamiento...
2025-07-08 08:15:43,948 - INFO - Entrenando modelos tradicionales...
2025-07-08 08:16:13,291 - INFO - LinearSVC - Test Accuracy: 0.6478
2025-07-08 08:22:33,689 - INFO - Random_Forest - Test Accuracy: 0.7027
2025-07-08 08:23:11,380 - INFO - Logistic_Regression - Test Accuracy: 0.6663
2025-07-08 08:24:52,961 - INFO - XGBoost - Test Accuracy: 0.6763
2025-07-08 08:24:58,148 - INFO - Creando análisis detallado de resultados...
2025-07-08 08:25:10,365 - INFO - Entrenamiento completado en 566.56 segundos
2025-07-08 08:25:10,381 - INFO - Mejor modelo: Random_Forest con accuracy: 0.7027
2025-07-08 08:35:23,646 - INFO - Iniciando pipeline de entrenamiento...
2025-07-08 08:35:23,783 - INFO - Entrenando modelos tradicionales...
2025-07-08 08:35:53,408 - INFO - LinearSVC - Test Accuracy: 0.6491
2025-07-08 08:41:13,489 - INFO - Random_Forest - Test Accuracy: 0.7045
2025-07-08 08:41:35,636 - INFO - Logistic_Regression - Test Accuracy: 0.6664
2025-07-08 08:43:06,572 - INFO - XGBoost - Test Accuracy: 0.6740
2025-07-08 08:43:09,546 - INFO - Creando análisis detallado de resultados...
2025-07-08 08:43:17,099 - INFO - Entrenamiento completado en 473.44 segundos
2025-07-08 08:43:17,104 - INFO - Mejor modelo: Random_Forest con accuracy: 0.7045
2025-07-08 08:49:46,865 - INFO - Iniciando pipeline de entrenamiento...
2025-07-08 08:49:47,011 - INFO - Entrenando modelos tradicionales...
2025-07-08 08:50:24,865 - INFO - LinearSVC - Test Accuracy: 0.6462
2025-07-08 09:10:49,609 - INFO - Random_Forest - Test Accuracy: 0.7378
2025-07-08 09:11:36,929 - INFO - Logistic_Regression - Test Accuracy: 0.6722
2025-07-08 09:13:53,745 - INFO - XGBoost - Test Accuracy: 0.6793
2025-07-08 09:13:58,153 - INFO - Creando análisis detallado de resultados...
2025-07-08 09:14:10,765 - INFO - Entrenamiento completado en 1463.88 segundos
2025-07-08 09:14:10,771 - INFO - Mejor modelo: Random_Forest con accuracy: 0.7378
2025-07-08 09:42:14,196 - INFO - Iniciando pipeline de entrenamiento...
2025-07-08 09:42:14,319 - INFO - Entrenando modelos tradicionales...
2025-07-08 09:42:51,179 - INFO - LinearSVC - Test Accuracy: 0.6491
2025-07-08 10:15:02,467 - INFO - Random_Forest - Test Accuracy: 0.7663
2025-07-08 10:15:26,294 - INFO - Logistic_Regression - Test Accuracy: 0.6811
2025-07-08 10:17:32,676 - INFO - XGBoost - Test Accuracy: 0.6819
2025-07-08 10:17:34,695 - INFO - Creando análisis detallado de resultados...
2025-07-08 10:17:41,159 - INFO - Entrenamiento completado en 2126.96 segundos
2025-07-08 10:17:41,162 - INFO - Mejor modelo: Random_Forest con accuracy: 0.7663
2025-07-08 10:30:43,052 - INFO - Iniciando pipeline de entrenamiento...
2025-07-08 10:30:43,125 - INFO - Entrenando modelos tradicionales...
2025-07-08 10:31:53,249 - INFO - LinearSVC - Test Accuracy: 0.6486
2025-07-08 11:31:59,540 - INFO - Random_Forest - Test Accuracy: 0.7923
2025-07-08 11:32:39,191 - INFO - Logistic_Regression - Test Accuracy: 0.6835
2025-07-08 11:35:54,981 - INFO - XGBoost - Test Accuracy: 0.6816
2025-07-08 11:35:58,820 - INFO - Creando análisis detallado de resultados...
2025-07-08 11:36:10,435 - INFO - Entrenamiento completado en 3927.38 segundos
2025-07-08 11:36:10,439 - INFO - Mejor modelo: Random_Forest con accuracy: 0.7923
2025-07-08 12:15:55,947 - INFO - Iniciando pipeline de entrenamiento...
2025-07-08 12:15:56,162 - INFO - Entrenando modelos tradicionales...
2025-07-08 12:18:24,894 - INFO - LinearSVC - Test Accuracy: 0.6514
2025-07-08 12:19:13,398 - INFO - Random_Forest - Test Accuracy: 0.6419
2025-07-08 12:19:38,060 - INFO - Logistic_Regression - Test Accuracy: 0.6809
2025-07-08 12:26:37,476 - INFO - XGBoost - Test Accuracy: 0.6640
2025-07-08 12:26:42,615 - INFO - Creando análisis detallado de resultados...
2025-07-08 12:26:51,322 - INFO - Entrenamiento completado en 655.35 segundos
2025-07-08 12:26:51,329 - INFO - Mejor modelo: Logistic_Regression con accuracy: 0.6809
2025-07-08 13:28:15,973 - INFO - Iniciando pipeline de entrenamiento...
2025-07-08 13:28:16,152 - INFO - Entrenando modelos tradicionales...
2025-07-08 13:29:41,536 - INFO - LinearSVC - Test Accuracy: 0.6515
2025-07-08 14:41:04,747 - INFO - Random_Forest - Test Accuracy: 0.8577
2025-07-08 14:41:33,489 - INFO - Logistic_Regression - Test Accuracy: 0.6814
2025-07-08 14:44:54,330 - INFO - XGBoost - Test Accuracy: 0.6883
2025-07-08 14:44:57,155 - INFO - Creando análisis detallado de resultados...
2025-07-08 14:45:00,815 - INFO - Entrenamiento completado en 4604.84 segundos
2025-07-08 14:45:00,815 - INFO - Mejor modelo: Random_Forest con accuracy: 0.8577
2025-07-22 11:36:16,490 - INFO - Iniciando pipeline de entrenamiento...
2025-07-22 13:12:59,826 - INFO - Iniciando pipeline de entrenamiento...
2025-07-22 13:26:55,090 - INFO - Iniciando pipeline de entrenamiento...
